<?xml version="1.0" encoding="UTF-8"?>
<testsuites name="jest tests" tests="2" failures="0" errors="0" time="11.107">
  <testsuite name="IssuesTable" errors="0" failures="0" skipped="0" timestamp="2022-02-17T18:05:39" time="9.368" tests="2">
    <testcase classname="IssuesTable IssuesPage when rendered" name="IssuesTable IssuesPage when rendered" time="0.089">
    </testcase>
    <testcase classname="IssuesTable IssuesPage when click Add, display form" name="IssuesTable IssuesPage when click Add, display form" time="0.404">
    </testcase>
  </testsuite>
</testsuites>